The system is: Linux - 3.10.0-957.el7.x86_64 - x86_64
Compiling the C compiler identification source file "CMakeCCompilerId.c" succeeded.
Compiler: /opt/vatic/bin/clang 
Build flags: 
Id flags:  

The output was:
0


Compilation of the C compiler identification source "CMakeCCompilerId.c" produced "a.out"

The C compiler identification is Clang, found in "/home/sandeep/Sandbox/cpp/deep-cmake/build/CMakeFiles/3.14.6/CompilerIdC/a.out"

Compiling the CXX compiler identification source file "CMakeCXXCompilerId.cpp" succeeded.
Compiler: /opt/vatic/bin/clang++ 
Build flags: 
Id flags:  

The output was:
0


Compilation of the CXX compiler identification source "CMakeCXXCompilerId.cpp" produced "a.out"

The CXX compiler identification is Clang, found in "/home/sandeep/Sandbox/cpp/deep-cmake/build/CMakeFiles/3.14.6/CompilerIdCXX/a.out"

Determining if the C compiler works passed with the following output:
Change Dir: /home/sandeep/Sandbox/cpp/deep-cmake/build/CMakeFiles/CMakeTmp

Run Build Command(s):/usr/bin/ninja-build cmTC_0a25b 
[1/2] Building C object CMakeFiles/cmTC_0a25b.dir/testCCompiler.c.o
[2/2] Linking C executable cmTC_0a25b


Detecting C compiler ABI info compiled with the following output:
Change Dir: /home/sandeep/Sandbox/cpp/deep-cmake/build/CMakeFiles/CMakeTmp

Run Build Command(s):/usr/bin/ninja-build cmTC_88cc9 
[1/2] Building C object CMakeFiles/cmTC_88cc9.dir/CMakeCCompilerABI.c.o
clang version 10.0.1 (https://github.com/llvm/llvm-project.git bab8d1790a33235dfb0e633652ca7fa21d0fb0d0)
Target: x86_64-unknown-linux-gnu
Thread model: posix
InstalledDir: /opt/vatic/bin
Found candidate GCC installation: /opt/vatic/bin/../lib/gcc/x86_64-pc-linux-gnu/8.2.0
Found candidate GCC installation: /opt/vatic/bin/../lib/gcc/x86_64-pc-linux-gnu/9.1.0
Found candidate GCC installation: /usr/lib/gcc/x86_64-redhat-linux/4.8.2
Found candidate GCC installation: /usr/lib/gcc/x86_64-redhat-linux/4.8.5
Selected GCC installation: /opt/vatic/bin/../lib/gcc/x86_64-pc-linux-gnu/9.1.0
Candidate multilib: .;@m64
Selected multilib: .;@m64
 (in-process)
 "/opt/vatic/bin/clang-10" -cc1 -triple x86_64-unknown-linux-gnu -emit-obj -mrelax-all -disable-free -disable-llvm-verifier -discard-value-names -main-file-name CMakeCCompilerABI.c -mrelocation-model static -mthread-model posix -mframe-pointer=all -fmath-errno -fno-rounding-math -masm-verbose -mconstructor-aliases -munwind-tables -target-cpu x86-64 -dwarf-column-info -fno-split-dwarf-inlining -debugger-tuning=gdb -v -resource-dir /opt/vatic/lib64/clang/10.0.1 -internal-isystem /usr/local/include -internal-isystem /opt/vatic/lib64/clang/10.0.1/include -internal-externc-isystem /include -internal-externc-isystem /usr/include -fdebug-compilation-dir /home/sandeep/Sandbox/cpp/deep-cmake/build/CMakeFiles/CMakeTmp -ferror-limit 19 -fmessage-length 0 -fgnuc-version=4.2.1 -fobjc-runtime=gcc -fdiagnostics-show-option -faddrsig -o CMakeFiles/cmTC_88cc9.dir/CMakeCCompilerABI.c.o -x c /usr/share/cmake3/Modules/CMakeCCompilerABI.c
clang -cc1 version 10.0.1 based upon LLVM 10.0.1 default target x86_64-unknown-linux-gnu
ignoring nonexistent directory "/include"
#include "..." search starts here:
#include <...> search starts here:
 /usr/local/include
 /opt/vatic/lib64/clang/10.0.1/include
 /usr/include
End of search list.
[2/2] Linking C executable cmTC_88cc9
clang version 10.0.1 (https://github.com/llvm/llvm-project.git bab8d1790a33235dfb0e633652ca7fa21d0fb0d0)
Target: x86_64-unknown-linux-gnu
Thread model: posix
InstalledDir: /opt/vatic/bin
Found candidate GCC installation: /opt/vatic/bin/../lib/gcc/x86_64-pc-linux-gnu/8.2.0
Found candidate GCC installation: /opt/vatic/bin/../lib/gcc/x86_64-pc-linux-gnu/9.1.0
Found candidate GCC installation: /usr/lib/gcc/x86_64-redhat-linux/4.8.2
Found candidate GCC installation: /usr/lib/gcc/x86_64-redhat-linux/4.8.5
Selected GCC installation: /opt/vatic/bin/../lib/gcc/x86_64-pc-linux-gnu/9.1.0
Candidate multilib: .;@m64
Selected multilib: .;@m64
 "/usr/bin/ld" --hash-style=gnu --eh-frame-hdr -m elf_x86_64 -dynamic-linker /lib64/ld-linux-x86-64.so.2 -o cmTC_88cc9 /lib/../lib64/crt1.o /lib/../lib64/crti.o /opt/vatic/bin/../lib/gcc/x86_64-pc-linux-gnu/9.1.0/crtbegin.o -L/opt/vatic/bin/../lib/gcc/x86_64-pc-linux-gnu/9.1.0 -L/opt/vatic/bin/../lib/gcc/x86_64-pc-linux-gnu/9.1.0/../../../../lib64 -L/opt/vatic/bin/../lib64 -L/lib/../lib64 -L/usr/lib/../lib64 -L/opt/vatic/bin/../lib/gcc/x86_64-pc-linux-gnu/9.1.0/../../.. -L/opt/vatic/bin/../lib -L/lib -L/usr/lib -L/opt/rh/httpd24/root/usr/lib64 CMakeFiles/cmTC_88cc9.dir/CMakeCCompilerABI.c.o -lgcc --as-needed -lgcc_s --no-as-needed -lc -lgcc --as-needed -lgcc_s --no-as-needed /opt/vatic/bin/../lib/gcc/x86_64-pc-linux-gnu/9.1.0/crtend.o /lib/../lib64/crtn.o


Parsed C implicit include dir info from above output: rv=done
  found start of include info
  found start of implicit include info
    add: [/usr/local/include]
    add: [/opt/vatic/lib64/clang/10.0.1/include]
    add: [/usr/include]
  end of search list found
  collapse include dir [/usr/local/include] ==> [/usr/local/include]
  collapse include dir [/opt/vatic/lib64/clang/10.0.1/include] ==> [/opt/vatic/lib64/clang/10.0.1/include]
  collapse include dir [/usr/include] ==> [/usr/include]
  implicit include dirs: [/usr/local/include;/opt/vatic/lib64/clang/10.0.1/include;/usr/include]


Parsed C implicit link information from above output:
  link line regex: [^( *|.*[/\])(ld|CMAKE_LINK_STARTFILE-NOTFOUND|([^/\]+-)?ld|collect2)[^/\]*( |$)]
  ignore line: [Change Dir: /home/sandeep/Sandbox/cpp/deep-cmake/build/CMakeFiles/CMakeTmp]
  ignore line: []
  ignore line: [Run Build Command(s):/usr/bin/ninja-build cmTC_88cc9 ]
  ignore line: [[1/2] Building C object CMakeFiles/cmTC_88cc9.dir/CMakeCCompilerABI.c.o]
  ignore line: [clang version 10.0.1 (https://github.com/llvm/llvm-project.git bab8d1790a33235dfb0e633652ca7fa21d0fb0d0)]
  ignore line: [Target: x86_64-unknown-linux-gnu]
  ignore line: [Thread model: posix]
  ignore line: [InstalledDir: /opt/vatic/bin]
  ignore line: [Found candidate GCC installation: /opt/vatic/bin/../lib/gcc/x86_64-pc-linux-gnu/8.2.0]
  ignore line: [Found candidate GCC installation: /opt/vatic/bin/../lib/gcc/x86_64-pc-linux-gnu/9.1.0]
  ignore line: [Found candidate GCC installation: /usr/lib/gcc/x86_64-redhat-linux/4.8.2]
  ignore line: [Found candidate GCC installation: /usr/lib/gcc/x86_64-redhat-linux/4.8.5]
  ignore line: [Selected GCC installation: /opt/vatic/bin/../lib/gcc/x86_64-pc-linux-gnu/9.1.0]
  ignore line: [Candidate multilib: .]
  ignore line: [@m64]
  ignore line: [Selected multilib: .]
  ignore line: [@m64]
  ignore line: [ (in-process)]
  ignore line: [ "/opt/vatic/bin/clang-10" -cc1 -triple x86_64-unknown-linux-gnu -emit-obj -mrelax-all -disable-free -disable-llvm-verifier -discard-value-names -main-file-name CMakeCCompilerABI.c -mrelocation-model static -mthread-model posix -mframe-pointer=all -fmath-errno -fno-rounding-math -masm-verbose -mconstructor-aliases -munwind-tables -target-cpu x86-64 -dwarf-column-info -fno-split-dwarf-inlining -debugger-tuning=gdb -v -resource-dir /opt/vatic/lib64/clang/10.0.1 -internal-isystem /usr/local/include -internal-isystem /opt/vatic/lib64/clang/10.0.1/include -internal-externc-isystem /include -internal-externc-isystem /usr/include -fdebug-compilation-dir /home/sandeep/Sandbox/cpp/deep-cmake/build/CMakeFiles/CMakeTmp -ferror-limit 19 -fmessage-length 0 -fgnuc-version=4.2.1 -fobjc-runtime=gcc -fdiagnostics-show-option -faddrsig -o CMakeFiles/cmTC_88cc9.dir/CMakeCCompilerABI.c.o -x c /usr/share/cmake3/Modules/CMakeCCompilerABI.c]
  ignore line: [clang -cc1 version 10.0.1 based upon LLVM 10.0.1 default target x86_64-unknown-linux-gnu]
  ignore line: [ignoring nonexistent directory "/include"]
  ignore line: [#include "..." search starts here:]
  ignore line: [#include <...> search starts here:]
  ignore line: [ /usr/local/include]
  ignore line: [ /opt/vatic/lib64/clang/10.0.1/include]
  ignore line: [ /usr/include]
  ignore line: [End of search list.]
  ignore line: [[2/2] Linking C executable cmTC_88cc9]
  ignore line: [clang version 10.0.1 (https://github.com/llvm/llvm-project.git bab8d1790a33235dfb0e633652ca7fa21d0fb0d0)]
  ignore line: [Target: x86_64-unknown-linux-gnu]
  ignore line: [Thread model: posix]
  ignore line: [InstalledDir: /opt/vatic/bin]
  ignore line: [Found candidate GCC installation: /opt/vatic/bin/../lib/gcc/x86_64-pc-linux-gnu/8.2.0]
  ignore line: [Found candidate GCC installation: /opt/vatic/bin/../lib/gcc/x86_64-pc-linux-gnu/9.1.0]
  ignore line: [Found candidate GCC installation: /usr/lib/gcc/x86_64-redhat-linux/4.8.2]
  ignore line: [Found candidate GCC installation: /usr/lib/gcc/x86_64-redhat-linux/4.8.5]
  ignore line: [Selected GCC installation: /opt/vatic/bin/../lib/gcc/x86_64-pc-linux-gnu/9.1.0]
  ignore line: [Candidate multilib: .]
  ignore line: [@m64]
  ignore line: [Selected multilib: .]
  ignore line: [@m64]
  link line: [ "/usr/bin/ld" --hash-style=gnu --eh-frame-hdr -m elf_x86_64 -dynamic-linker /lib64/ld-linux-x86-64.so.2 -o cmTC_88cc9 /lib/../lib64/crt1.o /lib/../lib64/crti.o /opt/vatic/bin/../lib/gcc/x86_64-pc-linux-gnu/9.1.0/crtbegin.o -L/opt/vatic/bin/../lib/gcc/x86_64-pc-linux-gnu/9.1.0 -L/opt/vatic/bin/../lib/gcc/x86_64-pc-linux-gnu/9.1.0/../../../../lib64 -L/opt/vatic/bin/../lib64 -L/lib/../lib64 -L/usr/lib/../lib64 -L/opt/vatic/bin/../lib/gcc/x86_64-pc-linux-gnu/9.1.0/../../.. -L/opt/vatic/bin/../lib -L/lib -L/usr/lib -L/opt/rh/httpd24/root/usr/lib64 CMakeFiles/cmTC_88cc9.dir/CMakeCCompilerABI.c.o -lgcc --as-needed -lgcc_s --no-as-needed -lc -lgcc --as-needed -lgcc_s --no-as-needed /opt/vatic/bin/../lib/gcc/x86_64-pc-linux-gnu/9.1.0/crtend.o /lib/../lib64/crtn.o]
    arg [/usr/bin/ld] ==> ignore
    arg [--hash-style=gnu] ==> ignore
    arg [--eh-frame-hdr] ==> ignore
    arg [-m] ==> ignore
    arg [elf_x86_64] ==> ignore
    arg [-dynamic-linker] ==> ignore
    arg [/lib64/ld-linux-x86-64.so.2] ==> ignore
    arg [-o] ==> ignore
    arg [cmTC_88cc9] ==> ignore
    arg [/lib/../lib64/crt1.o] ==> ignore
    arg [/lib/../lib64/crti.o] ==> ignore
    arg [/opt/vatic/bin/../lib/gcc/x86_64-pc-linux-gnu/9.1.0/crtbegin.o] ==> ignore
    arg [-L/opt/vatic/bin/../lib/gcc/x86_64-pc-linux-gnu/9.1.0] ==> dir [/opt/vatic/bin/../lib/gcc/x86_64-pc-linux-gnu/9.1.0]
    arg [-L/opt/vatic/bin/../lib/gcc/x86_64-pc-linux-gnu/9.1.0/../../../../lib64] ==> dir [/opt/vatic/bin/../lib/gcc/x86_64-pc-linux-gnu/9.1.0/../../../../lib64]
    arg [-L/opt/vatic/bin/../lib64] ==> dir [/opt/vatic/bin/../lib64]
    arg [-L/lib/../lib64] ==> dir [/lib/../lib64]
    arg [-L/usr/lib/../lib64] ==> dir [/usr/lib/../lib64]
    arg [-L/opt/vatic/bin/../lib/gcc/x86_64-pc-linux-gnu/9.1.0/../../..] ==> dir [/opt/vatic/bin/../lib/gcc/x86_64-pc-linux-gnu/9.1.0/../../..]
    arg [-L/opt/vatic/bin/../lib] ==> dir [/opt/vatic/bin/../lib]
    arg [-L/lib] ==> dir [/lib]
    arg [-L/usr/lib] ==> dir [/usr/lib]
    arg [-L/opt/rh/httpd24/root/usr/lib64] ==> dir [/opt/rh/httpd24/root/usr/lib64]
    arg [CMakeFiles/cmTC_88cc9.dir/CMakeCCompilerABI.c.o] ==> ignore
    arg [-lgcc] ==> lib [gcc]
    arg [--as-needed] ==> ignore
    arg [-lgcc_s] ==> lib [gcc_s]
    arg [--no-as-needed] ==> ignore
    arg [-lc] ==> lib [c]
    arg [-lgcc] ==> lib [gcc]
    arg [--as-needed] ==> ignore
    arg [-lgcc_s] ==> lib [gcc_s]
    arg [--no-as-needed] ==> ignore
    arg [/opt/vatic/bin/../lib/gcc/x86_64-pc-linux-gnu/9.1.0/crtend.o] ==> ignore
    arg [/lib/../lib64/crtn.o] ==> ignore
  collapse library dir [/opt/vatic/bin/../lib/gcc/x86_64-pc-linux-gnu/9.1.0] ==> [/opt/vatic/lib/gcc/x86_64-pc-linux-gnu/9.1.0]
  collapse library dir [/opt/vatic/bin/../lib/gcc/x86_64-pc-linux-gnu/9.1.0/../../../../lib64] ==> [/opt/vatic/lib64]
  collapse library dir [/opt/vatic/bin/../lib64] ==> [/opt/vatic/lib64]
  collapse library dir [/lib/../lib64] ==> [/lib64]
  collapse library dir [/usr/lib/../lib64] ==> [/usr/lib64]
  collapse library dir [/opt/vatic/bin/../lib/gcc/x86_64-pc-linux-gnu/9.1.0/../../..] ==> [/opt/vatic/lib]
  collapse library dir [/opt/vatic/bin/../lib] ==> [/opt/vatic/lib]
  collapse library dir [/lib] ==> [/lib]
  collapse library dir [/usr/lib] ==> [/usr/lib]
  collapse library dir [/opt/rh/httpd24/root/usr/lib64] ==> [/opt/rh/httpd24/root/usr/lib64]
  implicit libs: [gcc;gcc_s;c;gcc;gcc_s]
  implicit dirs: [/opt/vatic/lib/gcc/x86_64-pc-linux-gnu/9.1.0;/opt/vatic/lib64;/lib64;/usr/lib64;/opt/vatic/lib;/lib;/usr/lib;/opt/rh/httpd24/root/usr/lib64]
  implicit fwks: []




Detecting C [-std=c11] compiler features compiled with the following output:
Change Dir: /home/sandeep/Sandbox/cpp/deep-cmake/build/CMakeFiles/CMakeTmp

Run Build Command(s):/usr/bin/ninja-build cmTC_692b8 
[1/2] Building C object CMakeFiles/cmTC_692b8.dir/feature_tests.c.o
[2/2] Linking C executable cmTC_692b8


    Feature record: C_FEATURE:1c_function_prototypes
    Feature record: C_FEATURE:1c_restrict
    Feature record: C_FEATURE:1c_static_assert
    Feature record: C_FEATURE:1c_variadic_macros


Detecting C [-std=c99] compiler features compiled with the following output:
Change Dir: /home/sandeep/Sandbox/cpp/deep-cmake/build/CMakeFiles/CMakeTmp

Run Build Command(s):/usr/bin/ninja-build cmTC_b6537 
[1/2] Building C object CMakeFiles/cmTC_b6537.dir/feature_tests.c.o
[2/2] Linking C executable cmTC_b6537


    Feature record: C_FEATURE:1c_function_prototypes
    Feature record: C_FEATURE:1c_restrict
    Feature record: C_FEATURE:0c_static_assert
    Feature record: C_FEATURE:1c_variadic_macros


Detecting C [-std=c90] compiler features compiled with the following output:
Change Dir: /home/sandeep/Sandbox/cpp/deep-cmake/build/CMakeFiles/CMakeTmp

Run Build Command(s):/usr/bin/ninja-build cmTC_7a96a 
[1/2] Building C object CMakeFiles/cmTC_7a96a.dir/feature_tests.c.o
[2/2] Linking C executable cmTC_7a96a


    Feature record: C_FEATURE:1c_function_prototypes
    Feature record: C_FEATURE:0c_restrict
    Feature record: C_FEATURE:0c_static_assert
    Feature record: C_FEATURE:0c_variadic_macros
Determining if the CXX compiler works passed with the following output:
Change Dir: /home/sandeep/Sandbox/cpp/deep-cmake/build/CMakeFiles/CMakeTmp

Run Build Command(s):/usr/bin/ninja-build cmTC_a61e9 
[1/2] Building CXX object CMakeFiles/cmTC_a61e9.dir/testCXXCompiler.cxx.o
[2/2] Linking CXX executable cmTC_a61e9


Detecting CXX compiler ABI info compiled with the following output:
Change Dir: /home/sandeep/Sandbox/cpp/deep-cmake/build/CMakeFiles/CMakeTmp

Run Build Command(s):/usr/bin/ninja-build cmTC_5ab4c 
[1/2] Building CXX object CMakeFiles/cmTC_5ab4c.dir/CMakeCXXCompilerABI.cpp.o
clang version 10.0.1 (https://github.com/llvm/llvm-project.git bab8d1790a33235dfb0e633652ca7fa21d0fb0d0)
Target: x86_64-unknown-linux-gnu
Thread model: posix
InstalledDir: /opt/vatic/bin
Found candidate GCC installation: /opt/vatic/bin/../lib/gcc/x86_64-pc-linux-gnu/8.2.0
Found candidate GCC installation: /opt/vatic/bin/../lib/gcc/x86_64-pc-linux-gnu/9.1.0
Found candidate GCC installation: /usr/lib/gcc/x86_64-redhat-linux/4.8.2
Found candidate GCC installation: /usr/lib/gcc/x86_64-redhat-linux/4.8.5
Selected GCC installation: /opt/vatic/bin/../lib/gcc/x86_64-pc-linux-gnu/9.1.0
Candidate multilib: .;@m64
Selected multilib: .;@m64
 (in-process)
 "/opt/vatic/bin/clang-10" -cc1 -triple x86_64-unknown-linux-gnu -emit-obj -mrelax-all -disable-free -disable-llvm-verifier -discard-value-names -main-file-name CMakeCXXCompilerABI.cpp -mrelocation-model static -mthread-model posix -mframe-pointer=all -fmath-errno -fno-rounding-math -masm-verbose -mconstructor-aliases -munwind-tables -target-cpu x86-64 -dwarf-column-info -fno-split-dwarf-inlining -debugger-tuning=gdb -v -resource-dir /opt/vatic/lib64/clang/10.0.1 -internal-isystem /opt/vatic/bin/../lib/gcc/x86_64-pc-linux-gnu/9.1.0/../../../../include/c++/9.1.0 -internal-isystem /opt/vatic/bin/../lib/gcc/x86_64-pc-linux-gnu/9.1.0/../../../../include/c++/9.1.0/x86_64-pc-linux-gnu -internal-isystem /opt/vatic/bin/../lib/gcc/x86_64-pc-linux-gnu/9.1.0/../../../../include/c++/9.1.0/backward -internal-isystem /usr/local/include -internal-isystem /opt/vatic/lib64/clang/10.0.1/include -internal-externc-isystem /include -internal-externc-isystem /usr/include -fdeprecated-macro -fdebug-compilation-dir /home/sandeep/Sandbox/cpp/deep-cmake/build/CMakeFiles/CMakeTmp -ferror-limit 19 -fmessage-length 0 -fgnuc-version=4.2.1 -fobjc-runtime=gcc -fcxx-exceptions -fexceptions -fdiagnostics-show-option -faddrsig -o CMakeFiles/cmTC_5ab4c.dir/CMakeCXXCompilerABI.cpp.o -x c++ /usr/share/cmake3/Modules/CMakeCXXCompilerABI.cpp
clang -cc1 version 10.0.1 based upon LLVM 10.0.1 default target x86_64-unknown-linux-gnu
ignoring nonexistent directory "/include"
#include "..." search starts here:
#include <...> search starts here:
 /opt/vatic/bin/../lib/gcc/x86_64-pc-linux-gnu/9.1.0/../../../../include/c++/9.1.0
 /opt/vatic/bin/../lib/gcc/x86_64-pc-linux-gnu/9.1.0/../../../../include/c++/9.1.0/x86_64-pc-linux-gnu
 /opt/vatic/bin/../lib/gcc/x86_64-pc-linux-gnu/9.1.0/../../../../include/c++/9.1.0/backward
 /usr/local/include
 /opt/vatic/lib64/clang/10.0.1/include
 /usr/include
End of search list.
[2/2] Linking CXX executable cmTC_5ab4c
clang version 10.0.1 (https://github.com/llvm/llvm-project.git bab8d1790a33235dfb0e633652ca7fa21d0fb0d0)
Target: x86_64-unknown-linux-gnu
Thread model: posix
InstalledDir: /opt/vatic/bin
Found candidate GCC installation: /opt/vatic/bin/../lib/gcc/x86_64-pc-linux-gnu/8.2.0
Found candidate GCC installation: /opt/vatic/bin/../lib/gcc/x86_64-pc-linux-gnu/9.1.0
Found candidate GCC installation: /usr/lib/gcc/x86_64-redhat-linux/4.8.2
Found candidate GCC installation: /usr/lib/gcc/x86_64-redhat-linux/4.8.5
Selected GCC installation: /opt/vatic/bin/../lib/gcc/x86_64-pc-linux-gnu/9.1.0
Candidate multilib: .;@m64
Selected multilib: .;@m64
 "/usr/bin/ld" --hash-style=gnu --eh-frame-hdr -m elf_x86_64 -dynamic-linker /lib64/ld-linux-x86-64.so.2 -o cmTC_5ab4c /lib/../lib64/crt1.o /lib/../lib64/crti.o /opt/vatic/bin/../lib/gcc/x86_64-pc-linux-gnu/9.1.0/crtbegin.o -L/opt/vatic/bin/../lib/gcc/x86_64-pc-linux-gnu/9.1.0 -L/opt/vatic/bin/../lib/gcc/x86_64-pc-linux-gnu/9.1.0/../../../../lib64 -L/opt/vatic/bin/../lib64 -L/lib/../lib64 -L/usr/lib/../lib64 -L/opt/vatic/bin/../lib/gcc/x86_64-pc-linux-gnu/9.1.0/../../.. -L/opt/vatic/bin/../lib -L/lib -L/usr/lib -L/opt/rh/httpd24/root/usr/lib64 CMakeFiles/cmTC_5ab4c.dir/CMakeCXXCompilerABI.cpp.o -lstdc++ -lm -lgcc_s -lgcc -lc -lgcc_s -lgcc /opt/vatic/bin/../lib/gcc/x86_64-pc-linux-gnu/9.1.0/crtend.o /lib/../lib64/crtn.o


Parsed CXX implicit include dir info from above output: rv=done
  found start of include info
  found start of implicit include info
    add: [/opt/vatic/bin/../lib/gcc/x86_64-pc-linux-gnu/9.1.0/../../../../include/c++/9.1.0]
    add: [/opt/vatic/bin/../lib/gcc/x86_64-pc-linux-gnu/9.1.0/../../../../include/c++/9.1.0/x86_64-pc-linux-gnu]
    add: [/opt/vatic/bin/../lib/gcc/x86_64-pc-linux-gnu/9.1.0/../../../../include/c++/9.1.0/backward]
    add: [/usr/local/include]
    add: [/opt/vatic/lib64/clang/10.0.1/include]
    add: [/usr/include]
  end of search list found
  collapse include dir [/opt/vatic/bin/../lib/gcc/x86_64-pc-linux-gnu/9.1.0/../../../../include/c++/9.1.0] ==> [/opt/vatic/include/c++/9.1.0]
  collapse include dir [/opt/vatic/bin/../lib/gcc/x86_64-pc-linux-gnu/9.1.0/../../../../include/c++/9.1.0/x86_64-pc-linux-gnu] ==> [/opt/vatic/include/c++/9.1.0/x86_64-pc-linux-gnu]
  collapse include dir [/opt/vatic/bin/../lib/gcc/x86_64-pc-linux-gnu/9.1.0/../../../../include/c++/9.1.0/backward] ==> [/opt/vatic/include/c++/9.1.0/backward]
  collapse include dir [/usr/local/include] ==> [/usr/local/include]
  collapse include dir [/opt/vatic/lib64/clang/10.0.1/include] ==> [/opt/vatic/lib64/clang/10.0.1/include]
  collapse include dir [/usr/include] ==> [/usr/include]
  implicit include dirs: [/opt/vatic/include/c++/9.1.0;/opt/vatic/include/c++/9.1.0/x86_64-pc-linux-gnu;/opt/vatic/include/c++/9.1.0/backward;/usr/local/include;/opt/vatic/lib64/clang/10.0.1/include;/usr/include]


Parsed CXX implicit link information from above output:
  link line regex: [^( *|.*[/\])(ld|CMAKE_LINK_STARTFILE-NOTFOUND|([^/\]+-)?ld|collect2)[^/\]*( |$)]
  ignore line: [Change Dir: /home/sandeep/Sandbox/cpp/deep-cmake/build/CMakeFiles/CMakeTmp]
  ignore line: []
  ignore line: [Run Build Command(s):/usr/bin/ninja-build cmTC_5ab4c ]
  ignore line: [[1/2] Building CXX object CMakeFiles/cmTC_5ab4c.dir/CMakeCXXCompilerABI.cpp.o]
  ignore line: [clang version 10.0.1 (https://github.com/llvm/llvm-project.git bab8d1790a33235dfb0e633652ca7fa21d0fb0d0)]
  ignore line: [Target: x86_64-unknown-linux-gnu]
  ignore line: [Thread model: posix]
  ignore line: [InstalledDir: /opt/vatic/bin]
  ignore line: [Found candidate GCC installation: /opt/vatic/bin/../lib/gcc/x86_64-pc-linux-gnu/8.2.0]
  ignore line: [Found candidate GCC installation: /opt/vatic/bin/../lib/gcc/x86_64-pc-linux-gnu/9.1.0]
  ignore line: [Found candidate GCC installation: /usr/lib/gcc/x86_64-redhat-linux/4.8.2]
  ignore line: [Found candidate GCC installation: /usr/lib/gcc/x86_64-redhat-linux/4.8.5]
  ignore line: [Selected GCC installation: /opt/vatic/bin/../lib/gcc/x86_64-pc-linux-gnu/9.1.0]
  ignore line: [Candidate multilib: .]
  ignore line: [@m64]
  ignore line: [Selected multilib: .]
  ignore line: [@m64]
  ignore line: [ (in-process)]
  ignore line: [ "/opt/vatic/bin/clang-10" -cc1 -triple x86_64-unknown-linux-gnu -emit-obj -mrelax-all -disable-free -disable-llvm-verifier -discard-value-names -main-file-name CMakeCXXCompilerABI.cpp -mrelocation-model static -mthread-model posix -mframe-pointer=all -fmath-errno -fno-rounding-math -masm-verbose -mconstructor-aliases -munwind-tables -target-cpu x86-64 -dwarf-column-info -fno-split-dwarf-inlining -debugger-tuning=gdb -v -resource-dir /opt/vatic/lib64/clang/10.0.1 -internal-isystem /opt/vatic/bin/../lib/gcc/x86_64-pc-linux-gnu/9.1.0/../../../../include/c++/9.1.0 -internal-isystem /opt/vatic/bin/../lib/gcc/x86_64-pc-linux-gnu/9.1.0/../../../../include/c++/9.1.0/x86_64-pc-linux-gnu -internal-isystem /opt/vatic/bin/../lib/gcc/x86_64-pc-linux-gnu/9.1.0/../../../../include/c++/9.1.0/backward -internal-isystem /usr/local/include -internal-isystem /opt/vatic/lib64/clang/10.0.1/include -internal-externc-isystem /include -internal-externc-isystem /usr/include -fdeprecated-macro -fdebug-compilation-dir /home/sandeep/Sandbox/cpp/deep-cmake/build/CMakeFiles/CMakeTmp -ferror-limit 19 -fmessage-length 0 -fgnuc-version=4.2.1 -fobjc-runtime=gcc -fcxx-exceptions -fexceptions -fdiagnostics-show-option -faddrsig -o CMakeFiles/cmTC_5ab4c.dir/CMakeCXXCompilerABI.cpp.o -x c++ /usr/share/cmake3/Modules/CMakeCXXCompilerABI.cpp]
  ignore line: [clang -cc1 version 10.0.1 based upon LLVM 10.0.1 default target x86_64-unknown-linux-gnu]
  ignore line: [ignoring nonexistent directory "/include"]
  ignore line: [#include "..." search starts here:]
  ignore line: [#include <...> search starts here:]
  ignore line: [ /opt/vatic/bin/../lib/gcc/x86_64-pc-linux-gnu/9.1.0/../../../../include/c++/9.1.0]
  ignore line: [ /opt/vatic/bin/../lib/gcc/x86_64-pc-linux-gnu/9.1.0/../../../../include/c++/9.1.0/x86_64-pc-linux-gnu]
  ignore line: [ /opt/vatic/bin/../lib/gcc/x86_64-pc-linux-gnu/9.1.0/../../../../include/c++/9.1.0/backward]
  ignore line: [ /usr/local/include]
  ignore line: [ /opt/vatic/lib64/clang/10.0.1/include]
  ignore line: [ /usr/include]
  ignore line: [End of search list.]
  ignore line: [[2/2] Linking CXX executable cmTC_5ab4c]
  ignore line: [clang version 10.0.1 (https://github.com/llvm/llvm-project.git bab8d1790a33235dfb0e633652ca7fa21d0fb0d0)]
  ignore line: [Target: x86_64-unknown-linux-gnu]
  ignore line: [Thread model: posix]
  ignore line: [InstalledDir: /opt/vatic/bin]
  ignore line: [Found candidate GCC installation: /opt/vatic/bin/../lib/gcc/x86_64-pc-linux-gnu/8.2.0]
  ignore line: [Found candidate GCC installation: /opt/vatic/bin/../lib/gcc/x86_64-pc-linux-gnu/9.1.0]
  ignore line: [Found candidate GCC installation: /usr/lib/gcc/x86_64-redhat-linux/4.8.2]
  ignore line: [Found candidate GCC installation: /usr/lib/gcc/x86_64-redhat-linux/4.8.5]
  ignore line: [Selected GCC installation: /opt/vatic/bin/../lib/gcc/x86_64-pc-linux-gnu/9.1.0]
  ignore line: [Candidate multilib: .]
  ignore line: [@m64]
  ignore line: [Selected multilib: .]
  ignore line: [@m64]
  link line: [ "/usr/bin/ld" --hash-style=gnu --eh-frame-hdr -m elf_x86_64 -dynamic-linker /lib64/ld-linux-x86-64.so.2 -o cmTC_5ab4c /lib/../lib64/crt1.o /lib/../lib64/crti.o /opt/vatic/bin/../lib/gcc/x86_64-pc-linux-gnu/9.1.0/crtbegin.o -L/opt/vatic/bin/../lib/gcc/x86_64-pc-linux-gnu/9.1.0 -L/opt/vatic/bin/../lib/gcc/x86_64-pc-linux-gnu/9.1.0/../../../../lib64 -L/opt/vatic/bin/../lib64 -L/lib/../lib64 -L/usr/lib/../lib64 -L/opt/vatic/bin/../lib/gcc/x86_64-pc-linux-gnu/9.1.0/../../.. -L/opt/vatic/bin/../lib -L/lib -L/usr/lib -L/opt/rh/httpd24/root/usr/lib64 CMakeFiles/cmTC_5ab4c.dir/CMakeCXXCompilerABI.cpp.o -lstdc++ -lm -lgcc_s -lgcc -lc -lgcc_s -lgcc /opt/vatic/bin/../lib/gcc/x86_64-pc-linux-gnu/9.1.0/crtend.o /lib/../lib64/crtn.o]
    arg [/usr/bin/ld] ==> ignore
    arg [--hash-style=gnu] ==> ignore
    arg [--eh-frame-hdr] ==> ignore
    arg [-m] ==> ignore
    arg [elf_x86_64] ==> ignore
    arg [-dynamic-linker] ==> ignore
    arg [/lib64/ld-linux-x86-64.so.2] ==> ignore
    arg [-o] ==> ignore
    arg [cmTC_5ab4c] ==> ignore
    arg [/lib/../lib64/crt1.o] ==> ignore
    arg [/lib/../lib64/crti.o] ==> ignore
    arg [/opt/vatic/bin/../lib/gcc/x86_64-pc-linux-gnu/9.1.0/crtbegin.o] ==> ignore
    arg [-L/opt/vatic/bin/../lib/gcc/x86_64-pc-linux-gnu/9.1.0] ==> dir [/opt/vatic/bin/../lib/gcc/x86_64-pc-linux-gnu/9.1.0]
    arg [-L/opt/vatic/bin/../lib/gcc/x86_64-pc-linux-gnu/9.1.0/../../../../lib64] ==> dir [/opt/vatic/bin/../lib/gcc/x86_64-pc-linux-gnu/9.1.0/../../../../lib64]
    arg [-L/opt/vatic/bin/../lib64] ==> dir [/opt/vatic/bin/../lib64]
    arg [-L/lib/../lib64] ==> dir [/lib/../lib64]
    arg [-L/usr/lib/../lib64] ==> dir [/usr/lib/../lib64]
    arg [-L/opt/vatic/bin/../lib/gcc/x86_64-pc-linux-gnu/9.1.0/../../..] ==> dir [/opt/vatic/bin/../lib/gcc/x86_64-pc-linux-gnu/9.1.0/../../..]
    arg [-L/opt/vatic/bin/../lib] ==> dir [/opt/vatic/bin/../lib]
    arg [-L/lib] ==> dir [/lib]
    arg [-L/usr/lib] ==> dir [/usr/lib]
    arg [-L/opt/rh/httpd24/root/usr/lib64] ==> dir [/opt/rh/httpd24/root/usr/lib64]
    arg [CMakeFiles/cmTC_5ab4c.dir/CMakeCXXCompilerABI.cpp.o] ==> ignore
    arg [-lstdc++] ==> lib [stdc++]
    arg [-lm] ==> lib [m]
    arg [-lgcc_s] ==> lib [gcc_s]
    arg [-lgcc] ==> lib [gcc]
    arg [-lc] ==> lib [c]
    arg [-lgcc_s] ==> lib [gcc_s]
    arg [-lgcc] ==> lib [gcc]
    arg [/opt/vatic/bin/../lib/gcc/x86_64-pc-linux-gnu/9.1.0/crtend.o] ==> ignore
    arg [/lib/../lib64/crtn.o] ==> ignore
  collapse library dir [/opt/vatic/bin/../lib/gcc/x86_64-pc-linux-gnu/9.1.0] ==> [/opt/vatic/lib/gcc/x86_64-pc-linux-gnu/9.1.0]
  collapse library dir [/opt/vatic/bin/../lib/gcc/x86_64-pc-linux-gnu/9.1.0/../../../../lib64] ==> [/opt/vatic/lib64]
  collapse library dir [/opt/vatic/bin/../lib64] ==> [/opt/vatic/lib64]
  collapse library dir [/lib/../lib64] ==> [/lib64]
  collapse library dir [/usr/lib/../lib64] ==> [/usr/lib64]
  collapse library dir [/opt/vatic/bin/../lib/gcc/x86_64-pc-linux-gnu/9.1.0/../../..] ==> [/opt/vatic/lib]
  collapse library dir [/opt/vatic/bin/../lib] ==> [/opt/vatic/lib]
  collapse library dir [/lib] ==> [/lib]
  collapse library dir [/usr/lib] ==> [/usr/lib]
  collapse library dir [/opt/rh/httpd24/root/usr/lib64] ==> [/opt/rh/httpd24/root/usr/lib64]
  implicit libs: [stdc++;m;gcc_s;gcc;c;gcc_s;gcc]
  implicit dirs: [/opt/vatic/lib/gcc/x86_64-pc-linux-gnu/9.1.0;/opt/vatic/lib64;/lib64;/usr/lib64;/opt/vatic/lib;/lib;/usr/lib;/opt/rh/httpd24/root/usr/lib64]
  implicit fwks: []




Detecting CXX [-std=c++2a] compiler features compiled with the following output:
Change Dir: /home/sandeep/Sandbox/cpp/deep-cmake/build/CMakeFiles/CMakeTmp

Run Build Command(s):/usr/bin/ninja-build cmTC_32f10 
[1/2] Building CXX object CMakeFiles/cmTC_32f10.dir/feature_tests.cxx.o
[2/2] Linking CXX executable cmTC_32f10


    Feature record: CXX_FEATURE:1cxx_aggregate_default_initializers
    Feature record: CXX_FEATURE:1cxx_alias_templates
    Feature record: CXX_FEATURE:1cxx_alignas
    Feature record: CXX_FEATURE:1cxx_alignof
    Feature record: CXX_FEATURE:1cxx_attributes
    Feature record: CXX_FEATURE:1cxx_attribute_deprecated
    Feature record: CXX_FEATURE:1cxx_auto_type
    Feature record: CXX_FEATURE:1cxx_binary_literals
    Feature record: CXX_FEATURE:1cxx_constexpr
    Feature record: CXX_FEATURE:1cxx_contextual_conversions
    Feature record: CXX_FEATURE:1cxx_decltype
    Feature record: CXX_FEATURE:1cxx_decltype_auto
    Feature record: CXX_FEATURE:1cxx_decltype_incomplete_return_types
    Feature record: CXX_FEATURE:1cxx_default_function_template_args
    Feature record: CXX_FEATURE:1cxx_defaulted_functions
    Feature record: CXX_FEATURE:1cxx_defaulted_move_initializers
    Feature record: CXX_FEATURE:1cxx_delegating_constructors
    Feature record: CXX_FEATURE:1cxx_deleted_functions
    Feature record: CXX_FEATURE:1cxx_digit_separators
    Feature record: CXX_FEATURE:1cxx_enum_forward_declarations
    Feature record: CXX_FEATURE:1cxx_explicit_conversions
    Feature record: CXX_FEATURE:1cxx_extended_friend_declarations
    Feature record: CXX_FEATURE:1cxx_extern_templates
    Feature record: CXX_FEATURE:1cxx_final
    Feature record: CXX_FEATURE:1cxx_func_identifier
    Feature record: CXX_FEATURE:1cxx_generalized_initializers
    Feature record: CXX_FEATURE:1cxx_generic_lambdas
    Feature record: CXX_FEATURE:1cxx_inheriting_constructors
    Feature record: CXX_FEATURE:1cxx_inline_namespaces
    Feature record: CXX_FEATURE:1cxx_lambdas
    Feature record: CXX_FEATURE:1cxx_lambda_init_captures
    Feature record: CXX_FEATURE:1cxx_local_type_template_args
    Feature record: CXX_FEATURE:1cxx_long_long_type
    Feature record: CXX_FEATURE:1cxx_noexcept
    Feature record: CXX_FEATURE:1cxx_nonstatic_member_init
    Feature record: CXX_FEATURE:1cxx_nullptr
    Feature record: CXX_FEATURE:1cxx_override
    Feature record: CXX_FEATURE:1cxx_range_for
    Feature record: CXX_FEATURE:1cxx_raw_string_literals
    Feature record: CXX_FEATURE:1cxx_reference_qualified_functions
    Feature record: CXX_FEATURE:1cxx_relaxed_constexpr
    Feature record: CXX_FEATURE:1cxx_return_type_deduction
    Feature record: CXX_FEATURE:1cxx_right_angle_brackets
    Feature record: CXX_FEATURE:1cxx_rvalue_references
    Feature record: CXX_FEATURE:1cxx_sizeof_member
    Feature record: CXX_FEATURE:1cxx_static_assert
    Feature record: CXX_FEATURE:1cxx_strong_enums
    Feature record: CXX_FEATURE:1cxx_template_template_parameters
    Feature record: CXX_FEATURE:1cxx_thread_local
    Feature record: CXX_FEATURE:1cxx_trailing_return_types
    Feature record: CXX_FEATURE:1cxx_unicode_literals
    Feature record: CXX_FEATURE:1cxx_uniform_initialization
    Feature record: CXX_FEATURE:1cxx_unrestricted_unions
    Feature record: CXX_FEATURE:1cxx_user_literals
    Feature record: CXX_FEATURE:1cxx_variable_templates
    Feature record: CXX_FEATURE:1cxx_variadic_macros
    Feature record: CXX_FEATURE:1cxx_variadic_templates


Detecting CXX [-std=c++17] compiler features compiled with the following output:
Change Dir: /home/sandeep/Sandbox/cpp/deep-cmake/build/CMakeFiles/CMakeTmp

Run Build Command(s):/usr/bin/ninja-build cmTC_49c4d 
[1/2] Building CXX object CMakeFiles/cmTC_49c4d.dir/feature_tests.cxx.o
[2/2] Linking CXX executable cmTC_49c4d


    Feature record: CXX_FEATURE:1cxx_aggregate_default_initializers
    Feature record: CXX_FEATURE:1cxx_alias_templates
    Feature record: CXX_FEATURE:1cxx_alignas
    Feature record: CXX_FEATURE:1cxx_alignof
    Feature record: CXX_FEATURE:1cxx_attributes
    Feature record: CXX_FEATURE:1cxx_attribute_deprecated
    Feature record: CXX_FEATURE:1cxx_auto_type
    Feature record: CXX_FEATURE:1cxx_binary_literals
    Feature record: CXX_FEATURE:1cxx_constexpr
    Feature record: CXX_FEATURE:1cxx_contextual_conversions
    Feature record: CXX_FEATURE:1cxx_decltype
    Feature record: CXX_FEATURE:1cxx_decltype_auto
    Feature record: CXX_FEATURE:1cxx_decltype_incomplete_return_types
    Feature record: CXX_FEATURE:1cxx_default_function_template_args
    Feature record: CXX_FEATURE:1cxx_defaulted_functions
    Feature record: CXX_FEATURE:1cxx_defaulted_move_initializers
    Feature record: CXX_FEATURE:1cxx_delegating_constructors
    Feature record: CXX_FEATURE:1cxx_deleted_functions
    Feature record: CXX_FEATURE:1cxx_digit_separators
    Feature record: CXX_FEATURE:1cxx_enum_forward_declarations
    Feature record: CXX_FEATURE:1cxx_explicit_conversions
    Feature record: CXX_FEATURE:1cxx_extended_friend_declarations
    Feature record: CXX_FEATURE:1cxx_extern_templates
    Feature record: CXX_FEATURE:1cxx_final
    Feature record: CXX_FEATURE:1cxx_func_identifier
    Feature record: CXX_FEATURE:1cxx_generalized_initializers
    Feature record: CXX_FEATURE:1cxx_generic_lambdas
    Feature record: CXX_FEATURE:1cxx_inheriting_constructors
    Feature record: CXX_FEATURE:1cxx_inline_namespaces
    Feature record: CXX_FEATURE:1cxx_lambdas
    Feature record: CXX_FEATURE:1cxx_lambda_init_captures
    Feature record: CXX_FEATURE:1cxx_local_type_template_args
    Feature record: CXX_FEATURE:1cxx_long_long_type
    Feature record: CXX_FEATURE:1cxx_noexcept
    Feature record: CXX_FEATURE:1cxx_nonstatic_member_init
    Feature record: CXX_FEATURE:1cxx_nullptr
    Feature record: CXX_FEATURE:1cxx_override
    Feature record: CXX_FEATURE:1cxx_range_for
    Feature record: CXX_FEATURE:1cxx_raw_string_literals
    Feature record: CXX_FEATURE:1cxx_reference_qualified_functions
    Feature record: CXX_FEATURE:1cxx_relaxed_constexpr
    Feature record: CXX_FEATURE:1cxx_return_type_deduction
    Feature record: CXX_FEATURE:1cxx_right_angle_brackets
    Feature record: CXX_FEATURE:1cxx_rvalue_references
    Feature record: CXX_FEATURE:1cxx_sizeof_member
    Feature record: CXX_FEATURE:1cxx_static_assert
    Feature record: CXX_FEATURE:1cxx_strong_enums
    Feature record: CXX_FEATURE:1cxx_template_template_parameters
    Feature record: CXX_FEATURE:1cxx_thread_local
    Feature record: CXX_FEATURE:1cxx_trailing_return_types
    Feature record: CXX_FEATURE:1cxx_unicode_literals
    Feature record: CXX_FEATURE:1cxx_uniform_initialization
    Feature record: CXX_FEATURE:1cxx_unrestricted_unions
    Feature record: CXX_FEATURE:1cxx_user_literals
    Feature record: CXX_FEATURE:1cxx_variable_templates
    Feature record: CXX_FEATURE:1cxx_variadic_macros
    Feature record: CXX_FEATURE:1cxx_variadic_templates


Detecting CXX [-std=c++14] compiler features compiled with the following output:
Change Dir: /home/sandeep/Sandbox/cpp/deep-cmake/build/CMakeFiles/CMakeTmp

Run Build Command(s):/usr/bin/ninja-build cmTC_23969 
[1/2] Building CXX object CMakeFiles/cmTC_23969.dir/feature_tests.cxx.o
[2/2] Linking CXX executable cmTC_23969


    Feature record: CXX_FEATURE:1cxx_aggregate_default_initializers
    Feature record: CXX_FEATURE:1cxx_alias_templates
    Feature record: CXX_FEATURE:1cxx_alignas
    Feature record: CXX_FEATURE:1cxx_alignof
    Feature record: CXX_FEATURE:1cxx_attributes
    Feature record: CXX_FEATURE:1cxx_attribute_deprecated
    Feature record: CXX_FEATURE:1cxx_auto_type
    Feature record: CXX_FEATURE:1cxx_binary_literals
    Feature record: CXX_FEATURE:1cxx_constexpr
    Feature record: CXX_FEATURE:1cxx_contextual_conversions
    Feature record: CXX_FEATURE:1cxx_decltype
    Feature record: CXX_FEATURE:1cxx_decltype_auto
    Feature record: CXX_FEATURE:1cxx_decltype_incomplete_return_types
    Feature record: CXX_FEATURE:1cxx_default_function_template_args
    Feature record: CXX_FEATURE:1cxx_defaulted_functions
    Feature record: CXX_FEATURE:1cxx_defaulted_move_initializers
    Feature record: CXX_FEATURE:1cxx_delegating_constructors
    Feature record: CXX_FEATURE:1cxx_deleted_functions
    Feature record: CXX_FEATURE:1cxx_digit_separators
    Feature record: CXX_FEATURE:1cxx_enum_forward_declarations
    Feature record: CXX_FEATURE:1cxx_explicit_conversions
    Feature record: CXX_FEATURE:1cxx_extended_friend_declarations
    Feature record: CXX_FEATURE:1cxx_extern_templates
    Feature record: CXX_FEATURE:1cxx_final
    Feature record: CXX_FEATURE:1cxx_func_identifier
    Feature record: CXX_FEATURE:1cxx_generalized_initializers
    Feature record: CXX_FEATURE:1cxx_generic_lambdas
    Feature record: CXX_FEATURE:1cxx_inheriting_constructors
    Feature record: CXX_FEATURE:1cxx_inline_namespaces
    Feature record: CXX_FEATURE:1cxx_lambdas
    Feature record: CXX_FEATURE:1cxx_lambda_init_captures
    Feature record: CXX_FEATURE:1cxx_local_type_template_args
    Feature record: CXX_FEATURE:1cxx_long_long_type
    Feature record: CXX_FEATURE:1cxx_noexcept
    Feature record: CXX_FEATURE:1cxx_nonstatic_member_init
    Feature record: CXX_FEATURE:1cxx_nullptr
    Feature record: CXX_FEATURE:1cxx_override
    Feature record: CXX_FEATURE:1cxx_range_for
    Feature record: CXX_FEATURE:1cxx_raw_string_literals
    Feature record: CXX_FEATURE:1cxx_reference_qualified_functions
    Feature record: CXX_FEATURE:1cxx_relaxed_constexpr
    Feature record: CXX_FEATURE:1cxx_return_type_deduction
    Feature record: CXX_FEATURE:1cxx_right_angle_brackets
    Feature record: CXX_FEATURE:1cxx_rvalue_references
    Feature record: CXX_FEATURE:1cxx_sizeof_member
    Feature record: CXX_FEATURE:1cxx_static_assert
    Feature record: CXX_FEATURE:1cxx_strong_enums
    Feature record: CXX_FEATURE:1cxx_template_template_parameters
    Feature record: CXX_FEATURE:1cxx_thread_local
    Feature record: CXX_FEATURE:1cxx_trailing_return_types
    Feature record: CXX_FEATURE:1cxx_unicode_literals
    Feature record: CXX_FEATURE:1cxx_uniform_initialization
    Feature record: CXX_FEATURE:1cxx_unrestricted_unions
    Feature record: CXX_FEATURE:1cxx_user_literals
    Feature record: CXX_FEATURE:1cxx_variable_templates
    Feature record: CXX_FEATURE:1cxx_variadic_macros
    Feature record: CXX_FEATURE:1cxx_variadic_templates


Detecting CXX [-std=c++11] compiler features compiled with the following output:
Change Dir: /home/sandeep/Sandbox/cpp/deep-cmake/build/CMakeFiles/CMakeTmp

Run Build Command(s):/usr/bin/ninja-build cmTC_8927a 
[1/2] Building CXX object CMakeFiles/cmTC_8927a.dir/feature_tests.cxx.o
[2/2] Linking CXX executable cmTC_8927a


    Feature record: CXX_FEATURE:0cxx_aggregate_default_initializers
    Feature record: CXX_FEATURE:1cxx_alias_templates
    Feature record: CXX_FEATURE:1cxx_alignas
    Feature record: CXX_FEATURE:1cxx_alignof
    Feature record: CXX_FEATURE:1cxx_attributes
    Feature record: CXX_FEATURE:0cxx_attribute_deprecated
    Feature record: CXX_FEATURE:1cxx_auto_type
    Feature record: CXX_FEATURE:0cxx_binary_literals
    Feature record: CXX_FEATURE:1cxx_constexpr
    Feature record: CXX_FEATURE:0cxx_contextual_conversions
    Feature record: CXX_FEATURE:1cxx_decltype
    Feature record: CXX_FEATURE:0cxx_decltype_auto
    Feature record: CXX_FEATURE:1cxx_decltype_incomplete_return_types
    Feature record: CXX_FEATURE:1cxx_default_function_template_args
    Feature record: CXX_FEATURE:1cxx_defaulted_functions
    Feature record: CXX_FEATURE:1cxx_defaulted_move_initializers
    Feature record: CXX_FEATURE:1cxx_delegating_constructors
    Feature record: CXX_FEATURE:1cxx_deleted_functions
    Feature record: CXX_FEATURE:0cxx_digit_separators
    Feature record: CXX_FEATURE:1cxx_enum_forward_declarations
    Feature record: CXX_FEATURE:1cxx_explicit_conversions
    Feature record: CXX_FEATURE:1cxx_extended_friend_declarations
    Feature record: CXX_FEATURE:1cxx_extern_templates
    Feature record: CXX_FEATURE:1cxx_final
    Feature record: CXX_FEATURE:1cxx_func_identifier
    Feature record: CXX_FEATURE:1cxx_generalized_initializers
    Feature record: CXX_FEATURE:0cxx_generic_lambdas
    Feature record: CXX_FEATURE:1cxx_inheriting_constructors
    Feature record: CXX_FEATURE:1cxx_inline_namespaces
    Feature record: CXX_FEATURE:1cxx_lambdas
    Feature record: CXX_FEATURE:0cxx_lambda_init_captures
    Feature record: CXX_FEATURE:1cxx_local_type_template_args
    Feature record: CXX_FEATURE:1cxx_long_long_type
    Feature record: CXX_FEATURE:1cxx_noexcept
    Feature record: CXX_FEATURE:1cxx_nonstatic_member_init
    Feature record: CXX_FEATURE:1cxx_nullptr
    Feature record: CXX_FEATURE:1cxx_override
    Feature record: CXX_FEATURE:1cxx_range_for
    Feature record: CXX_FEATURE:1cxx_raw_string_literals
    Feature record: CXX_FEATURE:1cxx_reference_qualified_functions
    Feature record: CXX_FEATURE:0cxx_relaxed_constexpr
    Feature record: CXX_FEATURE:0cxx_return_type_deduction
    Feature record: CXX_FEATURE:1cxx_right_angle_brackets
    Feature record: CXX_FEATURE:1cxx_rvalue_references
    Feature record: CXX_FEATURE:1cxx_sizeof_member
    Feature record: CXX_FEATURE:1cxx_static_assert
    Feature record: CXX_FEATURE:1cxx_strong_enums
    Feature record: CXX_FEATURE:1cxx_template_template_parameters
    Feature record: CXX_FEATURE:1cxx_thread_local
    Feature record: CXX_FEATURE:1cxx_trailing_return_types
    Feature record: CXX_FEATURE:1cxx_unicode_literals
    Feature record: CXX_FEATURE:1cxx_uniform_initialization
    Feature record: CXX_FEATURE:1cxx_unrestricted_unions
    Feature record: CXX_FEATURE:1cxx_user_literals
    Feature record: CXX_FEATURE:0cxx_variable_templates
    Feature record: CXX_FEATURE:1cxx_variadic_macros
    Feature record: CXX_FEATURE:1cxx_variadic_templates


Detecting CXX [-std=c++98] compiler features compiled with the following output:
Change Dir: /home/sandeep/Sandbox/cpp/deep-cmake/build/CMakeFiles/CMakeTmp

Run Build Command(s):/usr/bin/ninja-build cmTC_d95fe 
[1/2] Building CXX object CMakeFiles/cmTC_d95fe.dir/feature_tests.cxx.o
[2/2] Linking CXX executable cmTC_d95fe


    Feature record: CXX_FEATURE:0cxx_aggregate_default_initializers
    Feature record: CXX_FEATURE:0cxx_alias_templates
    Feature record: CXX_FEATURE:0cxx_alignas
    Feature record: CXX_FEATURE:0cxx_alignof
    Feature record: CXX_FEATURE:0cxx_attributes
    Feature record: CXX_FEATURE:0cxx_attribute_deprecated
    Feature record: CXX_FEATURE:0cxx_auto_type
    Feature record: CXX_FEATURE:0cxx_binary_literals
    Feature record: CXX_FEATURE:0cxx_constexpr
    Feature record: CXX_FEATURE:0cxx_contextual_conversions
    Feature record: CXX_FEATURE:0cxx_decltype
    Feature record: CXX_FEATURE:0cxx_decltype_auto
    Feature record: CXX_FEATURE:0cxx_decltype_incomplete_return_types
    Feature record: CXX_FEATURE:0cxx_default_function_template_args
    Feature record: CXX_FEATURE:0cxx_defaulted_functions
    Feature record: CXX_FEATURE:0cxx_defaulted_move_initializers
    Feature record: CXX_FEATURE:0cxx_delegating_constructors
    Feature record: CXX_FEATURE:0cxx_deleted_functions
    Feature record: CXX_FEATURE:0cxx_digit_separators
    Feature record: CXX_FEATURE:0cxx_enum_forward_declarations
    Feature record: CXX_FEATURE:0cxx_explicit_conversions
    Feature record: CXX_FEATURE:0cxx_extended_friend_declarations
    Feature record: CXX_FEATURE:0cxx_extern_templates
    Feature record: CXX_FEATURE:0cxx_final
    Feature record: CXX_FEATURE:0cxx_func_identifier
    Feature record: CXX_FEATURE:0cxx_generalized_initializers
    Feature record: CXX_FEATURE:0cxx_generic_lambdas
    Feature record: CXX_FEATURE:0cxx_inheriting_constructors
    Feature record: CXX_FEATURE:0cxx_inline_namespaces
    Feature record: CXX_FEATURE:0cxx_lambdas
    Feature record: CXX_FEATURE:0cxx_lambda_init_captures
    Feature record: CXX_FEATURE:0cxx_local_type_template_args
    Feature record: CXX_FEATURE:0cxx_long_long_type
    Feature record: CXX_FEATURE:0cxx_noexcept
    Feature record: CXX_FEATURE:0cxx_nonstatic_member_init
    Feature record: CXX_FEATURE:0cxx_nullptr
    Feature record: CXX_FEATURE:0cxx_override
    Feature record: CXX_FEATURE:0cxx_range_for
    Feature record: CXX_FEATURE:0cxx_raw_string_literals
    Feature record: CXX_FEATURE:0cxx_reference_qualified_functions
    Feature record: CXX_FEATURE:0cxx_relaxed_constexpr
    Feature record: CXX_FEATURE:0cxx_return_type_deduction
    Feature record: CXX_FEATURE:0cxx_right_angle_brackets
    Feature record: CXX_FEATURE:0cxx_rvalue_references
    Feature record: CXX_FEATURE:0cxx_sizeof_member
    Feature record: CXX_FEATURE:0cxx_static_assert
    Feature record: CXX_FEATURE:0cxx_strong_enums
    Feature record: CXX_FEATURE:1cxx_template_template_parameters
    Feature record: CXX_FEATURE:0cxx_thread_local
    Feature record: CXX_FEATURE:0cxx_trailing_return_types
    Feature record: CXX_FEATURE:0cxx_unicode_literals
    Feature record: CXX_FEATURE:0cxx_uniform_initialization
    Feature record: CXX_FEATURE:0cxx_unrestricted_unions
    Feature record: CXX_FEATURE:0cxx_user_literals
    Feature record: CXX_FEATURE:0cxx_variable_templates
    Feature record: CXX_FEATURE:0cxx_variadic_macros
    Feature record: CXX_FEATURE:0cxx_variadic_templates
